2025-12-16 16:38:01,031 - init_mode - INFO - [N/A] - [GENERAL] - core.py:623 - 开始执行初始化任务，基础路径: C:\Users\Roki\Documents\GitHub\Tool\legacy\Localization_Tool
2025-12-16 16:38:01,031 - init_mode - INFO - [N/A] - [GENERAL] - core.py:261 - 开始初始化项目文件夹结构，基础路径: C:\Users\Roki\Documents\GitHub\Tool\legacy\Localization_Tool
2025-12-16 16:38:01,031 - init_mode - INFO - [N/A] - [GENERAL] - core.py:303 - 项目文件夹结构初始化完成，成功创建: 0/12 个文件夹
2025-12-16 16:38:01,032 - init_mode - INFO - [N/A] - [GENERAL] - core.py:333 - 开始自动重命名文件/文件夹，mod_root: C:\Users\Roki\Documents\GitHub\Tool\legacy\Localization_Tool\File
2025-12-16 16:38:01,032 - init_mode - INFO - [N/A] - [GENERAL] - core.py:151 - 基于行的解析成功读取mod_info.json: C:\Users\Roki\Documents\GitHub\Tool\legacy\Localization_Tool\File\source/Chinese\Quality Captains 高质量舰长 1.7.0\mod_info.json
2025-12-16 16:38:01,033 - init_mode - INFO - [N/A] - [GENERAL] - core.py:423 - 跳过文件夹: C:\Users\Roki\Documents\GitHub\Tool\legacy\Localization_Tool\File\source/Chinese\Quality Captains 高质量舰长 1.7.0, 原因: 文件夹名称已符合要求
2025-12-16 16:38:01,033 - init_mode - INFO - [N/A] - [GENERAL] - core.py:151 - 基于行的解析成功读取mod_info.json: C:\Users\Roki\Documents\GitHub\Tool\legacy\Localization_Tool\File\source/Chinese\Second-in-Command 舰队副官 1.7.0\mod_info.json
2025-12-16 16:38:01,033 - init_mode - INFO - [N/A] - [GENERAL] - core.py:423 - 跳过文件夹: C:\Users\Roki\Documents\GitHub\Tool\legacy\Localization_Tool\File\source/Chinese\Second-in-Command 舰队副官 1.7.0, 原因: 文件夹名称已符合要求
2025-12-16 16:38:01,034 - init_mode - INFO - [N/A] - [GENERAL] - core.py:151 - 基于行的解析成功读取mod_info.json: C:\Users\Roki\Documents\GitHub\Tool\legacy\Localization_Tool\File\source/English\Quality Captains 1.7.0\mod_info.json
2025-12-16 16:38:01,034 - init_mode - INFO - [N/A] - [GENERAL] - core.py:423 - 跳过文件夹: C:\Users\Roki\Documents\GitHub\Tool\legacy\Localization_Tool\File\source/English\Quality Captains 1.7.0, 原因: 文件夹名称已符合要求
2025-12-16 16:38:01,034 - init_mode - INFO - [N/A] - [GENERAL] - core.py:151 - 基于行的解析成功读取mod_info.json: C:\Users\Roki\Documents\GitHub\Tool\legacy\Localization_Tool\File\source/English\Second-in-Command 1.7.0\mod_info.json
2025-12-16 16:38:01,034 - init_mode - INFO - [N/A] - [GENERAL] - core.py:423 - 跳过文件夹: C:\Users\Roki\Documents\GitHub\Tool\legacy\Localization_Tool\File\source/English\Second-in-Command 1.7.0, 原因: 文件夹名称已符合要求
2025-12-16 16:38:01,035 - init_mode - INFO - [N/A] - [GENERAL] - core.py:151 - 基于行的解析成功读取mod_info.json: C:\Users\Roki\Documents\GitHub\Tool\legacy\Localization_Tool\File\source/English\TestMod 1.0.0\mod_info.json
2025-12-16 16:38:01,035 - init_mode - INFO - [N/A] - [GENERAL] - core.py:423 - 跳过文件夹: C:\Users\Roki\Documents\GitHub\Tool\legacy\Localization_Tool\File\source/English\TestMod 1.0.0, 原因: 文件夹名称已符合要求
2025-12-16 16:38:01,035 - init_mode - INFO - [N/A] - [GENERAL] - core.py:151 - 基于行的解析成功读取mod_info.json: C:\Users\Roki\Documents\GitHub\Tool\legacy\Localization_Tool\File\source_backup/Chinese\Quality Captains 高质量舰长 1.7.0\mod_info.json
2025-12-16 16:38:01,035 - init_mode - INFO - [N/A] - [GENERAL] - core.py:423 - 跳过文件夹: C:\Users\Roki\Documents\GitHub\Tool\legacy\Localization_Tool\File\source_backup/Chinese\Quality Captains 高质量舰长 1.7.0, 原因: 文件夹名称已符合要求
2025-12-16 16:38:01,036 - init_mode - INFO - [N/A] - [GENERAL] - core.py:151 - 基于行的解析成功读取mod_info.json: C:\Users\Roki\Documents\GitHub\Tool\legacy\Localization_Tool\File\source_backup/Chinese\Second-in-Command 舰队副官 1.7.0\mod_info.json
2025-12-16 16:38:01,036 - init_mode - INFO - [N/A] - [GENERAL] - core.py:423 - 跳过文件夹: C:\Users\Roki\Documents\GitHub\Tool\legacy\Localization_Tool\File\source_backup/Chinese\Second-in-Command 舰队副官 1.7.0, 原因: 文件夹名称已符合要求
2025-12-16 16:38:01,036 - init_mode - INFO - [N/A] - [GENERAL] - core.py:151 - 基于行的解析成功读取mod_info.json: C:\Users\Roki\Documents\GitHub\Tool\legacy\Localization_Tool\File\source_backup/English\Quality Captains 1.7.0\mod_info.json
2025-12-16 16:38:01,037 - init_mode - INFO - [N/A] - [GENERAL] - core.py:423 - 跳过文件夹: C:\Users\Roki\Documents\GitHub\Tool\legacy\Localization_Tool\File\source_backup/English\Quality Captains 1.7.0, 原因: 文件夹名称已符合要求
2025-12-16 16:38:01,037 - init_mode - INFO - [N/A] - [GENERAL] - core.py:151 - 基于行的解析成功读取mod_info.json: C:\Users\Roki\Documents\GitHub\Tool\legacy\Localization_Tool\File\source_backup/English\Second-in-Command 1.7.0\mod_info.json
2025-12-16 16:38:01,037 - init_mode - INFO - [N/A] - [GENERAL] - core.py:423 - 跳过文件夹: C:\Users\Roki\Documents\GitHub\Tool\legacy\Localization_Tool\File\source_backup/English\Second-in-Command 1.7.0, 原因: 文件夹名称已符合要求
2025-12-16 16:38:01,037 - init_mode - INFO - [N/A] - [GENERAL] - core.py:151 - 基于行的解析成功读取mod_info.json: C:\Users\Roki\Documents\GitHub\Tool\legacy\Localization_Tool\File\source_backup/English\TestMod 1.0.0\mod_info.json
2025-12-16 16:38:01,038 - init_mode - INFO - [N/A] - [GENERAL] - core.py:423 - 跳过文件夹: C:\Users\Roki\Documents\GitHub\Tool\legacy\Localization_Tool\File\source_backup/English\TestMod 1.0.0, 原因: 文件夹名称已符合要求
2025-12-16 16:38:01,038 - init_mode - INFO - [N/A] - [GENERAL] - core.py:453 - 自动重命名完成，成功: 0, 失败: 0, 跳过: 10
2025-12-16 16:38:01,038 - init_mode - INFO - [N/A] - [RENAME] - core.py:632 - 开始执行文件夹重命名任务
2025-12-16 16:38:01,038 - init_mode - INFO - [N/A] - [RENAME_UNKNOWN] - core.py:667 - 开始重命名 C:\Users\Roki\Documents\GitHub\Tool\legacy\Localization_Tool\File\source/Chinese 下的模组文件夹
2025-12-16 16:38:01,040 - init_mode - INFO - [N/A] - [RENAME_UNKNOWN] - core.py:671 - 重命名完成: C:\Users\Roki\Documents\GitHub\Tool\legacy\Localization_Tool\File\source/Chinese
2025-12-16 16:38:01,040 - init_mode - INFO - [N/A] - [RENAME_UNKNOWN] - core.py:667 - 开始重命名 C:\Users\Roki\Documents\GitHub\Tool\legacy\Localization_Tool\File\source/English 下的模组文件夹
2025-12-16 16:38:01,042 - init_mode - INFO - [N/A] - [RENAME_UNKNOWN] - core.py:671 - 重命名完成: C:\Users\Roki\Documents\GitHub\Tool\legacy\Localization_Tool\File\source/English
2025-12-16 16:38:01,043 - init_mode - INFO - [N/A] - [RENAME_UNKNOWN] - core.py:667 - 开始重命名 C:\Users\Roki\Documents\GitHub\Tool\legacy\Localization_Tool\File\source_backup/Chinese 下的模组文件夹
2025-12-16 16:38:01,044 - init_mode - INFO - [N/A] - [RENAME_UNKNOWN] - core.py:671 - 重命名完成: C:\Users\Roki\Documents\GitHub\Tool\legacy\Localization_Tool\File\source_backup/Chinese
2025-12-16 16:38:01,044 - init_mode - INFO - [N/A] - [RENAME_UNKNOWN] - core.py:667 - 开始重命名 C:\Users\Roki\Documents\GitHub\Tool\legacy\Localization_Tool\File\source_backup/English 下的模组文件夹
2025-12-16 16:38:01,046 - init_mode - INFO - [N/A] - [RENAME_UNKNOWN] - core.py:671 - 重命名完成: C:\Users\Roki\Documents\GitHub\Tool\legacy\Localization_Tool\File\source_backup/English
2025-12-16 16:38:01,046 - init_mode - INFO - [N/A] - [BACKUP_RESTORE] - core.py:682 - 开始执行备份恢复任务
2025-12-16 16:38:01,615 - init_mode - INFO - [N/A] - [BUILD_MOD_MAPPINGS] - core.py:700 - 开始构建mod映射关系
2025-12-16 16:38:01,615 - init_mode - INFO - [N/A] - [GENERAL] - core.py:471 - 开始构建mod映射关系，mod_root: C:\Users\Roki\Documents\GitHub\Tool\legacy\Localization_Tool\File
2025-12-16 16:38:01,616 - init_mode - INFO - [N/A] - [GENERAL] - core.py:494 - 处理目录: C:\Users\Roki\Documents\GitHub\Tool\legacy\Localization_Tool\File\source\Chinese (source_type: source, language: Chinese)
2025-12-16 16:38:01,616 - init_mode - INFO - [N/A] - [GENERAL] - core.py:151 - 基于行的解析成功读取mod_info.json: C:\Users\Roki\Documents\GitHub\Tool\legacy\Localization_Tool\File\source\Chinese\Quality Captains 高质量舰长 1.7.0\mod_info.json
2025-12-16 16:38:01,617 - init_mode - INFO - [N/A] - [GENERAL] - core.py:151 - 基于行的解析成功读取mod_info.json: C:\Users\Roki\Documents\GitHub\Tool\legacy\Localization_Tool\File\source\Chinese\Second-in-Command 舰队副官 1.7.0\mod_info.json
2025-12-16 16:38:01,617 - init_mode - INFO - [N/A] - [GENERAL] - core.py:494 - 处理目录: C:\Users\Roki\Documents\GitHub\Tool\legacy\Localization_Tool\File\source\English (source_type: source, language: English)
2025-12-16 16:38:01,617 - init_mode - INFO - [N/A] - [GENERAL] - core.py:151 - 基于行的解析成功读取mod_info.json: C:\Users\Roki\Documents\GitHub\Tool\legacy\Localization_Tool\File\source\English\Quality Captains 1.7.0\mod_info.json
2025-12-16 16:38:01,618 - init_mode - INFO - [N/A] - [GENERAL] - core.py:151 - 基于行的解析成功读取mod_info.json: C:\Users\Roki\Documents\GitHub\Tool\legacy\Localization_Tool\File\source\English\Second-in-Command 1.7.0\mod_info.json
2025-12-16 16:38:01,618 - init_mode - INFO - [N/A] - [GENERAL] - core.py:151 - 基于行的解析成功读取mod_info.json: C:\Users\Roki\Documents\GitHub\Tool\legacy\Localization_Tool\File\source\English\TestMod 1.0.0\mod_info.json
2025-12-16 16:38:01,618 - init_mode - INFO - [N/A] - [GENERAL] - core.py:494 - 处理目录: C:\Users\Roki\Documents\GitHub\Tool\legacy\Localization_Tool\File\source_backup\Chinese (source_type: source_backup, language: Chinese)
2025-12-16 16:38:01,619 - init_mode - INFO - [N/A] - [GENERAL] - core.py:151 - 基于行的解析成功读取mod_info.json: C:\Users\Roki\Documents\GitHub\Tool\legacy\Localization_Tool\File\source_backup\Chinese\Quality Captains 高质量舰长 1.7.0\mod_info.json
2025-12-16 16:38:01,620 - init_mode - INFO - [N/A] - [GENERAL] - core.py:151 - 基于行的解析成功读取mod_info.json: C:\Users\Roki\Documents\GitHub\Tool\legacy\Localization_Tool\File\source_backup\Chinese\Second-in-Command 舰队副官 1.7.0\mod_info.json
2025-12-16 16:38:01,620 - init_mode - INFO - [N/A] - [GENERAL] - core.py:494 - 处理目录: C:\Users\Roki\Documents\GitHub\Tool\legacy\Localization_Tool\File\source_backup\English (source_type: source_backup, language: English)
2025-12-16 16:38:01,620 - init_mode - INFO - [N/A] - [GENERAL] - core.py:151 - 基于行的解析成功读取mod_info.json: C:\Users\Roki\Documents\GitHub\Tool\legacy\Localization_Tool\File\source_backup\English\Quality Captains 1.7.0\mod_info.json
2025-12-16 16:38:01,621 - init_mode - INFO - [N/A] - [GENERAL] - core.py:151 - 基于行的解析成功读取mod_info.json: C:\Users\Roki\Documents\GitHub\Tool\legacy\Localization_Tool\File\source_backup\English\Second-in-Command 1.7.0\mod_info.json
2025-12-16 16:38:01,621 - init_mode - INFO - [N/A] - [GENERAL] - core.py:151 - 基于行的解析成功读取mod_info.json: C:\Users\Roki\Documents\GitHub\Tool\legacy\Localization_Tool\File\source_backup\English\TestMod 1.0.0\mod_info.json
2025-12-16 16:38:01,621 - init_mode - INFO - [N/A] - [GENERAL] - core.py:537 - mod映射构建完成，成功: 10, 失败: 0, 跳过: 0
2025-12-16 16:38:01,622 - init_mode - INFO - [N/A] - [GENERAL] - core.py:755 - 初始化任务执行完成，成功: 15/37
