2025-12-16 16:23:31,547 - init_mode - INFO - [N/A] - [GENERAL] - core.py:467 - 开始执行初始化任务，基础路径: C:\Users\Roki\Documents\GitHub\Tool\legacy\Localization_Tool
2025-12-16 16:23:31,547 - init_mode - INFO - [N/A] - [GENERAL] - core.py:257 - 开始初始化项目文件夹结构，基础路径: C:\Users\Roki\Documents\GitHub\Tool\legacy\Localization_Tool
2025-12-16 16:23:31,548 - init_mode - INFO - [N/A] - [GENERAL] - core.py:299 - 项目文件夹结构初始化完成，成功创建: 0/12 个文件夹
2025-12-16 16:23:31,548 - init_mode - INFO - [N/A] - [GENERAL] - core.py:329 - 开始自动重命名文件/文件夹，mod_root: C:\Users\Roki\Documents\GitHub\Tool\legacy\Localization_Tool\File
2025-12-16 16:23:31,549 - init_mode - INFO - [N/A] - [GENERAL] - core.py:147 - 基于行的解析成功读取mod_info.json: C:\Users\Roki\Documents\GitHub\Tool\legacy\Localization_Tool\File\source/Chinese\Quality Captains 高质量舰长 1.7.0\mod_info.json
2025-12-16 16:23:31,550 - init_mode - INFO - [N/A] - [GENERAL] - core.py:419 - 跳过文件夹: C:\Users\Roki\Documents\GitHub\Tool\legacy\Localization_Tool\File\source/Chinese\Quality Captains 高质量舰长 1.7.0, 原因: 文件夹名称已符合要求
2025-12-16 16:23:31,551 - init_mode - INFO - [N/A] - [GENERAL] - core.py:147 - 基于行的解析成功读取mod_info.json: C:\Users\Roki\Documents\GitHub\Tool\legacy\Localization_Tool\File\source/Chinese\Second-in-Command 舰队副官 1.7.0\mod_info.json
2025-12-16 16:23:31,552 - init_mode - INFO - [N/A] - [GENERAL] - core.py:419 - 跳过文件夹: C:\Users\Roki\Documents\GitHub\Tool\legacy\Localization_Tool\File\source/Chinese\Second-in-Command 舰队副官 1.7.0, 原因: 文件夹名称已符合要求
2025-12-16 16:23:31,552 - init_mode - INFO - [N/A] - [GENERAL] - core.py:147 - 基于行的解析成功读取mod_info.json: C:\Users\Roki\Documents\GitHub\Tool\legacy\Localization_Tool\File\source/English\Quality Captains 1.7.0\mod_info.json
2025-12-16 16:23:31,553 - init_mode - INFO - [N/A] - [GENERAL] - core.py:419 - 跳过文件夹: C:\Users\Roki\Documents\GitHub\Tool\legacy\Localization_Tool\File\source/English\Quality Captains 1.7.0, 原因: 文件夹名称已符合要求
2025-12-16 16:23:31,553 - init_mode - INFO - [N/A] - [GENERAL] - core.py:147 - 基于行的解析成功读取mod_info.json: C:\Users\Roki\Documents\GitHub\Tool\legacy\Localization_Tool\File\source/English\Second-in-Command 1.7.0\mod_info.json
2025-12-16 16:23:31,553 - init_mode - INFO - [N/A] - [GENERAL] - core.py:419 - 跳过文件夹: C:\Users\Roki\Documents\GitHub\Tool\legacy\Localization_Tool\File\source/English\Second-in-Command 1.7.0, 原因: 文件夹名称已符合要求
2025-12-16 16:23:31,554 - init_mode - INFO - [N/A] - [GENERAL] - core.py:147 - 基于行的解析成功读取mod_info.json: C:\Users\Roki\Documents\GitHub\Tool\legacy\Localization_Tool\File\source/English\TestMod 1.0.0\mod_info.json
2025-12-16 16:23:31,554 - init_mode - INFO - [N/A] - [GENERAL] - core.py:419 - 跳过文件夹: C:\Users\Roki\Documents\GitHub\Tool\legacy\Localization_Tool\File\source/English\TestMod 1.0.0, 原因: 文件夹名称已符合要求
2025-12-16 16:23:31,555 - init_mode - INFO - [N/A] - [GENERAL] - core.py:147 - 基于行的解析成功读取mod_info.json: C:\Users\Roki\Documents\GitHub\Tool\legacy\Localization_Tool\File\source_backup/Chinese\Quality Captains 高质量舰长 1.7.0\mod_info.json
2025-12-16 16:23:31,555 - init_mode - INFO - [N/A] - [GENERAL] - core.py:419 - 跳过文件夹: C:\Users\Roki\Documents\GitHub\Tool\legacy\Localization_Tool\File\source_backup/Chinese\Quality Captains 高质量舰长 1.7.0, 原因: 文件夹名称已符合要求
2025-12-16 16:23:31,555 - init_mode - INFO - [N/A] - [GENERAL] - core.py:147 - 基于行的解析成功读取mod_info.json: C:\Users\Roki\Documents\GitHub\Tool\legacy\Localization_Tool\File\source_backup/Chinese\Second-in-Command 舰队副官 1.7.0\mod_info.json
2025-12-16 16:23:31,556 - init_mode - INFO - [N/A] - [GENERAL] - core.py:419 - 跳过文件夹: C:\Users\Roki\Documents\GitHub\Tool\legacy\Localization_Tool\File\source_backup/Chinese\Second-in-Command 舰队副官 1.7.0, 原因: 文件夹名称已符合要求
2025-12-16 16:23:31,557 - init_mode - INFO - [N/A] - [GENERAL] - core.py:147 - 基于行的解析成功读取mod_info.json: C:\Users\Roki\Documents\GitHub\Tool\legacy\Localization_Tool\File\source_backup/English\Quality Captains 1.7.0\mod_info.json
2025-12-16 16:23:31,557 - init_mode - INFO - [N/A] - [GENERAL] - core.py:419 - 跳过文件夹: C:\Users\Roki\Documents\GitHub\Tool\legacy\Localization_Tool\File\source_backup/English\Quality Captains 1.7.0, 原因: 文件夹名称已符合要求
2025-12-16 16:23:31,558 - init_mode - INFO - [N/A] - [GENERAL] - core.py:147 - 基于行的解析成功读取mod_info.json: C:\Users\Roki\Documents\GitHub\Tool\legacy\Localization_Tool\File\source_backup/English\Second-in-Command 1.7.0\mod_info.json
2025-12-16 16:23:31,558 - init_mode - INFO - [N/A] - [GENERAL] - core.py:419 - 跳过文件夹: C:\Users\Roki\Documents\GitHub\Tool\legacy\Localization_Tool\File\source_backup/English\Second-in-Command 1.7.0, 原因: 文件夹名称已符合要求
2025-12-16 16:23:31,558 - init_mode - INFO - [N/A] - [GENERAL] - core.py:147 - 基于行的解析成功读取mod_info.json: C:\Users\Roki\Documents\GitHub\Tool\legacy\Localization_Tool\File\source_backup/English\TestMod 1.0.0\mod_info.json
2025-12-16 16:23:31,558 - init_mode - INFO - [N/A] - [GENERAL] - core.py:419 - 跳过文件夹: C:\Users\Roki\Documents\GitHub\Tool\legacy\Localization_Tool\File\source_backup/English\TestMod 1.0.0, 原因: 文件夹名称已符合要求
2025-12-16 16:23:31,559 - init_mode - INFO - [N/A] - [GENERAL] - core.py:449 - 自动重命名完成，成功: 0, 失败: 0, 跳过: 10
2025-12-16 16:23:31,559 - init_mode - INFO - [N/A] - [RENAME] - core.py:476 - 开始执行文件夹重命名任务
2025-12-16 16:23:31,559 - init_mode - INFO - [N/A] - [RENAME_UNKNOWN] - core.py:511 - 开始重命名 C:\Users\Roki\Documents\GitHub\Tool\legacy\Localization_Tool\File\source/Chinese 下的模组文件夹
2025-12-16 16:23:31,561 - init_mode - INFO - [N/A] - [RENAME_UNKNOWN] - core.py:515 - 重命名完成: C:\Users\Roki\Documents\GitHub\Tool\legacy\Localization_Tool\File\source/Chinese
2025-12-16 16:23:31,561 - init_mode - INFO - [N/A] - [RENAME_UNKNOWN] - core.py:511 - 开始重命名 C:\Users\Roki\Documents\GitHub\Tool\legacy\Localization_Tool\File\source/English 下的模组文件夹
2025-12-16 16:23:31,563 - init_mode - INFO - [N/A] - [RENAME_UNKNOWN] - core.py:515 - 重命名完成: C:\Users\Roki\Documents\GitHub\Tool\legacy\Localization_Tool\File\source/English
2025-12-16 16:23:31,563 - init_mode - INFO - [N/A] - [RENAME_UNKNOWN] - core.py:511 - 开始重命名 C:\Users\Roki\Documents\GitHub\Tool\legacy\Localization_Tool\File\source_backup/Chinese 下的模组文件夹
2025-12-16 16:23:31,564 - init_mode - INFO - [N/A] - [RENAME_UNKNOWN] - core.py:515 - 重命名完成: C:\Users\Roki\Documents\GitHub\Tool\legacy\Localization_Tool\File\source_backup/Chinese
2025-12-16 16:23:31,565 - init_mode - INFO - [N/A] - [RENAME_UNKNOWN] - core.py:511 - 开始重命名 C:\Users\Roki\Documents\GitHub\Tool\legacy\Localization_Tool\File\source_backup/English 下的模组文件夹
2025-12-16 16:23:31,567 - init_mode - INFO - [N/A] - [RENAME_UNKNOWN] - core.py:515 - 重命名完成: C:\Users\Roki\Documents\GitHub\Tool\legacy\Localization_Tool\File\source_backup/English
2025-12-16 16:23:31,567 - init_mode - INFO - [N/A] - [BACKUP_RESTORE] - core.py:526 - 开始执行备份恢复任务
2025-12-16 16:23:32,306 - init_mode - INFO - [N/A] - [GENERAL] - core.py:590 - 初始化任务执行完成，成功: 5/27
